mode: set
github.com/ssklv/mixfood-menu-service/internal/usecase/menuUsecase.go:14.53,18.2 1 1
github.com/ssklv/mixfood-menu-service/internal/usecase/menuUsecase.go:20.81,21.52 1 1
github.com/ssklv/mixfood-menu-service/internal/usecase/menuUsecase.go:21.52,23.3 1 1
github.com/ssklv/mixfood-menu-service/internal/usecase/menuUsecase.go:24.2,24.60 1 1
github.com/ssklv/mixfood-menu-service/internal/usecase/menuUsecase.go:24.60,26.3 1 0
github.com/ssklv/mixfood-menu-service/internal/usecase/menuUsecase.go:27.2,27.54 1 1
github.com/ssklv/mixfood-menu-service/internal/usecase/menuUsecase.go:27.54,29.3 1 0
github.com/ssklv/mixfood-menu-service/internal/usecase/menuUsecase.go:30.2,30.86 1 1
github.com/ssklv/mixfood-menu-service/internal/usecase/menuUsecase.go:30.86,32.3 1 0
github.com/ssklv/mixfood-menu-service/internal/usecase/menuUsecase.go:33.2,33.55 1 1
github.com/ssklv/mixfood-menu-service/internal/usecase/menuUsecase.go:33.55,35.3 1 0
github.com/ssklv/mixfood-menu-service/internal/usecase/menuUsecase.go:36.2,36.51 1 1
github.com/ssklv/mixfood-menu-service/internal/usecase/menuUsecase.go:36.51,38.3 1 0
github.com/ssklv/mixfood-menu-service/internal/usecase/menuUsecase.go:39.2,39.52 1 1
github.com/ssklv/mixfood-menu-service/internal/usecase/menuUsecase.go:39.52,41.3 1 0
github.com/ssklv/mixfood-menu-service/internal/usecase/menuUsecase.go:42.2,42.60 1 1
github.com/ssklv/mixfood-menu-service/internal/usecase/menuUsecase.go:42.60,44.3 1 0
github.com/ssklv/mixfood-menu-service/internal/usecase/menuUsecase.go:45.2,45.60 1 1
github.com/ssklv/mixfood-menu-service/internal/usecase/menuUsecase.go:45.60,47.3 1 0
github.com/ssklv/mixfood-menu-service/internal/usecase/menuUsecase.go:49.2,52.44 3 1
github.com/ssklv/mixfood-menu-service/internal/usecase/menuUsecase.go:55.110,57.16 2 1
github.com/ssklv/mixfood-menu-service/internal/usecase/menuUsecase.go:57.16,59.3 1 0
github.com/ssklv/mixfood-menu-service/internal/usecase/menuUsecase.go:61.2,62.27 2 1
github.com/ssklv/mixfood-menu-service/internal/usecase/menuUsecase.go:62.27,64.61 2 1
github.com/ssklv/mixfood-menu-service/internal/usecase/menuUsecase.go:64.61,66.4 1 1
github.com/ssklv/mixfood-menu-service/internal/usecase/menuUsecase.go:69.2,70.25 2 0
github.com/ssklv/mixfood-menu-service/internal/usecase/menuUsecase.go:70.25,72.3 1 0
github.com/ssklv/mixfood-menu-service/internal/usecase/menuUsecase.go:74.2,75.25 2 0
github.com/ssklv/mixfood-menu-service/internal/usecase/menuUsecase.go:75.25,77.3 1 0
github.com/ssklv/mixfood-menu-service/internal/usecase/menuUsecase.go:79.2,79.86 1 0
github.com/ssklv/mixfood-menu-service/internal/usecase/menuUsecase.go:79.86,81.3 1 0
github.com/ssklv/mixfood-menu-service/internal/usecase/menuUsecase.go:83.2,83.23 1 0
github.com/ssklv/mixfood-menu-service/internal/usecase/menuUsecase.go:83.23,84.55 1 0
github.com/ssklv/mixfood-menu-service/internal/usecase/menuUsecase.go:84.55,86.4 1 0
github.com/ssklv/mixfood-menu-service/internal/usecase/menuUsecase.go:88.2,88.24 1 0
github.com/ssklv/mixfood-menu-service/internal/usecase/menuUsecase.go:88.24,89.57 1 0
github.com/ssklv/mixfood-menu-service/internal/usecase/menuUsecase.go:89.57,91.4 1 0
github.com/ssklv/mixfood-menu-service/internal/usecase/menuUsecase.go:93.2,93.27 1 0
github.com/ssklv/mixfood-menu-service/internal/usecase/menuUsecase.go:93.27,94.58 1 0
github.com/ssklv/mixfood-menu-service/internal/usecase/menuUsecase.go:94.58,96.4 1 0
github.com/ssklv/mixfood-menu-service/internal/usecase/menuUsecase.go:98.2,98.23 1 0
github.com/ssklv/mixfood-menu-service/internal/usecase/menuUsecase.go:98.23,99.54 1 0
github.com/ssklv/mixfood-menu-service/internal/usecase/menuUsecase.go:99.54,101.4 1 0
github.com/ssklv/mixfood-menu-service/internal/usecase/menuUsecase.go:103.2,103.24 1 0
github.com/ssklv/mixfood-menu-service/internal/usecase/menuUsecase.go:103.24,104.55 1 0
github.com/ssklv/mixfood-menu-service/internal/usecase/menuUsecase.go:104.55,106.4 1 0
github.com/ssklv/mixfood-menu-service/internal/usecase/menuUsecase.go:108.2,108.27 1 0
github.com/ssklv/mixfood-menu-service/internal/usecase/menuUsecase.go:108.27,109.63 1 0
github.com/ssklv/mixfood-menu-service/internal/usecase/menuUsecase.go:109.63,111.4 1 0
github.com/ssklv/mixfood-menu-service/internal/usecase/menuUsecase.go:113.2,113.27 1 0
github.com/ssklv/mixfood-menu-service/internal/usecase/menuUsecase.go:113.27,114.63 1 0
github.com/ssklv/mixfood-menu-service/internal/usecase/menuUsecase.go:114.63,116.4 1 0
github.com/ssklv/mixfood-menu-service/internal/usecase/menuUsecase.go:119.2,119.45 1 0
github.com/ssklv/mixfood-menu-service/internal/usecase/menuUsecase.go:122.89,124.2 1 1
github.com/ssklv/mixfood-menu-service/internal/usecase/menuUsecase.go:126.82,128.2 1 0
github.com/ssklv/mixfood-menu-service/internal/usecase/menuUsecase.go:130.72,132.2 1 0
github.com/ssklv/mixfood-menu-service/internal/usecase/mock_menu_repository.go:18.88,21.19 2 1
github.com/ssklv/mixfood-menu-service/internal/usecase/mock_menu_repository.go:21.19,22.52 1 0
github.com/ssklv/mixfood-menu-service/internal/usecase/mock_menu_repository.go:25.2,26.74 2 1
github.com/ssklv/mixfood-menu-service/internal/usecase/mock_menu_repository.go:26.74,28.3 1 0
github.com/ssklv/mixfood-menu-service/internal/usecase/mock_menu_repository.go:28.8,30.3 1 1
github.com/ssklv/mixfood-menu-service/internal/usecase/mock_menu_repository.go:32.2,32.11 1 1
github.com/ssklv/mixfood-menu-service/internal/usecase/mock_menu_repository.go:36.79,39.19 2 0
github.com/ssklv/mixfood-menu-service/internal/usecase/mock_menu_repository.go:39.19,40.52 1 0
github.com/ssklv/mixfood-menu-service/internal/usecase/mock_menu_repository.go:43.2,44.67 2 0
github.com/ssklv/mixfood-menu-service/internal/usecase/mock_menu_repository.go:44.67,46.3 1 0
github.com/ssklv/mixfood-menu-service/internal/usecase/mock_menu_repository.go:46.8,48.3 1 0
github.com/ssklv/mixfood-menu-service/internal/usecase/mock_menu_repository.go:50.2,50.11 1 0
github.com/ssklv/mixfood-menu-service/internal/usecase/mock_menu_repository.go:54.89,57.19 2 0
github.com/ssklv/mixfood-menu-service/internal/usecase/mock_menu_repository.go:57.19,58.54 1 0
github.com/ssklv/mixfood-menu-service/internal/usecase/mock_menu_repository.go:61.2,63.78 3 0
github.com/ssklv/mixfood-menu-service/internal/usecase/mock_menu_repository.go:63.78,65.3 1 0
github.com/ssklv/mixfood-menu-service/internal/usecase/mock_menu_repository.go:66.2,66.69 1 0
github.com/ssklv/mixfood-menu-service/internal/usecase/mock_menu_repository.go:66.69,68.3 1 0
github.com/ssklv/mixfood-menu-service/internal/usecase/mock_menu_repository.go:68.8,69.24 1 0
github.com/ssklv/mixfood-menu-service/internal/usecase/mock_menu_repository.go:69.24,71.4 1 0
github.com/ssklv/mixfood-menu-service/internal/usecase/mock_menu_repository.go:74.2,74.60 1 0
github.com/ssklv/mixfood-menu-service/internal/usecase/mock_menu_repository.go:74.60,76.3 1 0
github.com/ssklv/mixfood-menu-service/internal/usecase/mock_menu_repository.go:76.8,78.3 1 0
github.com/ssklv/mixfood-menu-service/internal/usecase/mock_menu_repository.go:80.2,80.15 1 0
github.com/ssklv/mixfood-menu-service/internal/usecase/mock_menu_repository.go:84.96,87.19 2 1
github.com/ssklv/mixfood-menu-service/internal/usecase/mock_menu_repository.go:87.19,88.53 1 0
github.com/ssklv/mixfood-menu-service/internal/usecase/mock_menu_repository.go:91.2,93.83 3 1
github.com/ssklv/mixfood-menu-service/internal/usecase/mock_menu_repository.go:93.83,95.3 1 0
github.com/ssklv/mixfood-menu-service/internal/usecase/mock_menu_repository.go:96.2,96.74 1 1
github.com/ssklv/mixfood-menu-service/internal/usecase/mock_menu_repository.go:96.74,98.3 1 0
github.com/ssklv/mixfood-menu-service/internal/usecase/mock_menu_repository.go:98.8,99.24 1 1
github.com/ssklv/mixfood-menu-service/internal/usecase/mock_menu_repository.go:99.24,101.4 1 1
github.com/ssklv/mixfood-menu-service/internal/usecase/mock_menu_repository.go:104.2,104.67 1 1
github.com/ssklv/mixfood-menu-service/internal/usecase/mock_menu_repository.go:104.67,106.3 1 0
github.com/ssklv/mixfood-menu-service/internal/usecase/mock_menu_repository.go:106.8,108.3 1 1
github.com/ssklv/mixfood-menu-service/internal/usecase/mock_menu_repository.go:110.2,110.15 1 1
github.com/ssklv/mixfood-menu-service/internal/usecase/mock_menu_repository.go:114.117,117.19 2 0
github.com/ssklv/mixfood-menu-service/internal/usecase/mock_menu_repository.go:117.19,118.52 1 0
github.com/ssklv/mixfood-menu-service/internal/usecase/mock_menu_repository.go:121.2,123.102 3 0
github.com/ssklv/mixfood-menu-service/internal/usecase/mock_menu_repository.go:123.102,125.3 1 0
github.com/ssklv/mixfood-menu-service/internal/usecase/mock_menu_repository.go:126.2,126.93 1 0
github.com/ssklv/mixfood-menu-service/internal/usecase/mock_menu_repository.go:126.93,128.3 1 0
github.com/ssklv/mixfood-menu-service/internal/usecase/mock_menu_repository.go:128.8,129.24 1 0
github.com/ssklv/mixfood-menu-service/internal/usecase/mock_menu_repository.go:129.24,131.4 1 0
github.com/ssklv/mixfood-menu-service/internal/usecase/mock_menu_repository.go:134.2,134.86 1 0
github.com/ssklv/mixfood-menu-service/internal/usecase/mock_menu_repository.go:134.86,136.3 1 0
github.com/ssklv/mixfood-menu-service/internal/usecase/mock_menu_repository.go:136.8,138.3 1 0
github.com/ssklv/mixfood-menu-service/internal/usecase/mock_menu_repository.go:140.2,140.15 1 0
github.com/ssklv/mixfood-menu-service/internal/usecase/mock_menu_repository.go:148.24,152.19 3 1
github.com/ssklv/mixfood-menu-service/internal/usecase/mock_menu_repository.go:152.19,152.49 1 1
github.com/ssklv/mixfood-menu-service/internal/usecase/mock_menu_repository.go:154.2,154.13 1 1
github.com/ssklv/mixfood-menu-service/internal/usecase/mock_menu_usecase.go:18.85,21.19 2 0
github.com/ssklv/mixfood-menu-service/internal/usecase/mock_menu_usecase.go:21.19,22.52 1 0
github.com/ssklv/mixfood-menu-service/internal/usecase/mock_menu_usecase.go:25.2,26.74 2 0
github.com/ssklv/mixfood-menu-service/internal/usecase/mock_menu_usecase.go:26.74,28.3 1 0
github.com/ssklv/mixfood-menu-service/internal/usecase/mock_menu_usecase.go:28.8,30.3 1 0
github.com/ssklv/mixfood-menu-service/internal/usecase/mock_menu_usecase.go:32.2,32.11 1 0
github.com/ssklv/mixfood-menu-service/internal/usecase/mock_menu_usecase.go:36.76,39.19 2 0
github.com/ssklv/mixfood-menu-service/internal/usecase/mock_menu_usecase.go:39.19,40.52 1 0
github.com/ssklv/mixfood-menu-service/internal/usecase/mock_menu_usecase.go:43.2,44.67 2 0
github.com/ssklv/mixfood-menu-service/internal/usecase/mock_menu_usecase.go:44.67,46.3 1 0
github.com/ssklv/mixfood-menu-service/internal/usecase/mock_menu_usecase.go:46.8,48.3 1 0
github.com/ssklv/mixfood-menu-service/internal/usecase/mock_menu_usecase.go:50.2,50.11 1 0
github.com/ssklv/mixfood-menu-service/internal/usecase/mock_menu_usecase.go:54.86,57.19 2 0
github.com/ssklv/mixfood-menu-service/internal/usecase/mock_menu_usecase.go:57.19,58.54 1 0
github.com/ssklv/mixfood-menu-service/internal/usecase/mock_menu_usecase.go:61.2,63.78 3 0
github.com/ssklv/mixfood-menu-service/internal/usecase/mock_menu_usecase.go:63.78,65.3 1 0
github.com/ssklv/mixfood-menu-service/internal/usecase/mock_menu_usecase.go:66.2,66.69 1 0
github.com/ssklv/mixfood-menu-service/internal/usecase/mock_menu_usecase.go:66.69,68.3 1 0
github.com/ssklv/mixfood-menu-service/internal/usecase/mock_menu_usecase.go:68.8,69.24 1 0
github.com/ssklv/mixfood-menu-service/internal/usecase/mock_menu_usecase.go:69.24,71.4 1 0
github.com/ssklv/mixfood-menu-service/internal/usecase/mock_menu_usecase.go:74.2,74.60 1 0
github.com/ssklv/mixfood-menu-service/internal/usecase/mock_menu_usecase.go:74.60,76.3 1 0
github.com/ssklv/mixfood-menu-service/internal/usecase/mock_menu_usecase.go:76.8,78.3 1 0
github.com/ssklv/mixfood-menu-service/internal/usecase/mock_menu_usecase.go:80.2,80.15 1 0
github.com/ssklv/mixfood-menu-service/internal/usecase/mock_menu_usecase.go:84.93,87.19 2 0
github.com/ssklv/mixfood-menu-service/internal/usecase/mock_menu_usecase.go:87.19,88.53 1 0
github.com/ssklv/mixfood-menu-service/internal/usecase/mock_menu_usecase.go:91.2,93.83 3 0
github.com/ssklv/mixfood-menu-service/internal/usecase/mock_menu_usecase.go:93.83,95.3 1 0
github.com/ssklv/mixfood-menu-service/internal/usecase/mock_menu_usecase.go:96.2,96.74 1 0
github.com/ssklv/mixfood-menu-service/internal/usecase/mock_menu_usecase.go:96.74,98.3 1 0
github.com/ssklv/mixfood-menu-service/internal/usecase/mock_menu_usecase.go:98.8,99.24 1 0
github.com/ssklv/mixfood-menu-service/internal/usecase/mock_menu_usecase.go:99.24,101.4 1 0
github.com/ssklv/mixfood-menu-service/internal/usecase/mock_menu_usecase.go:104.2,104.67 1 0
github.com/ssklv/mixfood-menu-service/internal/usecase/mock_menu_usecase.go:104.67,106.3 1 0
github.com/ssklv/mixfood-menu-service/internal/usecase/mock_menu_usecase.go:106.8,108.3 1 0
github.com/ssklv/mixfood-menu-service/internal/usecase/mock_menu_usecase.go:110.2,110.15 1 0
github.com/ssklv/mixfood-menu-service/internal/usecase/mock_menu_usecase.go:114.114,117.19 2 0
github.com/ssklv/mixfood-menu-service/internal/usecase/mock_menu_usecase.go:117.19,118.52 1 0
github.com/ssklv/mixfood-menu-service/internal/usecase/mock_menu_usecase.go:121.2,123.102 3 0
github.com/ssklv/mixfood-menu-service/internal/usecase/mock_menu_usecase.go:123.102,125.3 1 0
github.com/ssklv/mixfood-menu-service/internal/usecase/mock_menu_usecase.go:126.2,126.93 1 0
github.com/ssklv/mixfood-menu-service/internal/usecase/mock_menu_usecase.go:126.93,128.3 1 0
github.com/ssklv/mixfood-menu-service/internal/usecase/mock_menu_usecase.go:128.8,129.24 1 0
github.com/ssklv/mixfood-menu-service/internal/usecase/mock_menu_usecase.go:129.24,131.4 1 0
github.com/ssklv/mixfood-menu-service/internal/usecase/mock_menu_usecase.go:134.2,134.86 1 0
github.com/ssklv/mixfood-menu-service/internal/usecase/mock_menu_usecase.go:134.86,136.3 1 0
github.com/ssklv/mixfood-menu-service/internal/usecase/mock_menu_usecase.go:136.8,138.3 1 0
github.com/ssklv/mixfood-menu-service/internal/usecase/mock_menu_usecase.go:140.2,140.15 1 0
github.com/ssklv/mixfood-menu-service/internal/usecase/mock_menu_usecase.go:148.21,152.19 3 0
github.com/ssklv/mixfood-menu-service/internal/usecase/mock_menu_usecase.go:152.19,152.49 1 0
github.com/ssklv/mixfood-menu-service/internal/usecase/mock_menu_usecase.go:154.2,154.13 1 0
github.com/ssklv/mixfood-menu-service/internal/usecase/validation.go:12.42,14.42 2 1
github.com/ssklv/mixfood-menu-service/internal/usecase/validation.go:14.42,16.3 1 1
github.com/ssklv/mixfood-menu-service/internal/usecase/validation.go:17.2,17.12 1 1
github.com/ssklv/mixfood-menu-service/internal/usecase/validation.go:20.50,23.23 2 1
github.com/ssklv/mixfood-menu-service/internal/usecase/validation.go:24.108,25.13 1 1
github.com/ssklv/mixfood-menu-service/internal/usecase/validation.go:26.10,27.28 1 1
github.com/ssklv/mixfood-menu-service/internal/usecase/validation.go:31.45,32.16 1 1
github.com/ssklv/mixfood-menu-service/internal/usecase/validation.go:32.16,34.3 1 0
github.com/ssklv/mixfood-menu-service/internal/usecase/validation.go:35.2,35.12 1 1
github.com/ssklv/mixfood-menu-service/internal/usecase/validation.go:38.43,39.15 1 1
github.com/ssklv/mixfood-menu-service/internal/usecase/validation.go:39.15,41.3 1 1
github.com/ssklv/mixfood-menu-service/internal/usecase/validation.go:42.2,42.12 1 1
github.com/ssklv/mixfood-menu-service/internal/usecase/validation.go:45.47,46.18 1 1
github.com/ssklv/mixfood-menu-service/internal/usecase/validation.go:46.18,48.3 1 1
github.com/ssklv/mixfood-menu-service/internal/usecase/validation.go:49.2,49.12 1 1
github.com/ssklv/mixfood-menu-service/internal/usecase/validation.go:52.45,54.104 2 1
github.com/ssklv/mixfood-menu-service/internal/usecase/validation.go:54.104,56.3 1 1
github.com/ssklv/mixfood-menu-service/internal/usecase/validation.go:57.2,57.12 1 1
github.com/ssklv/mixfood-menu-service/internal/usecase/validation.go:60.80,62.39 2 1
github.com/ssklv/mixfood-menu-service/internal/usecase/validation.go:62.39,63.36 1 0
github.com/ssklv/mixfood-menu-service/internal/usecase/validation.go:63.36,65.4 1 0
github.com/ssklv/mixfood-menu-service/internal/usecase/validation.go:66.3,66.20 1 0
github.com/ssklv/mixfood-menu-service/internal/usecase/validation.go:66.20,68.4 1 0
github.com/ssklv/mixfood-menu-service/internal/usecase/validation.go:69.8,70.36 1 1
github.com/ssklv/mixfood-menu-service/internal/usecase/validation.go:70.36,72.4 1 1
github.com/ssklv/mixfood-menu-service/internal/usecase/validation.go:73.3,73.20 1 1
github.com/ssklv/mixfood-menu-service/internal/usecase/validation.go:73.20,75.4 1 0
github.com/ssklv/mixfood-menu-service/internal/usecase/validation.go:77.2,77.12 1 1
