mode: set
github.com/ssklv/mixfood-menu-service/internal/usecase/mocks/mock_MenuRepository.go:18.84,21.19 2 0
github.com/ssklv/mixfood-menu-service/internal/usecase/mocks/mock_MenuRepository.go:21.19,22.52 1 0
github.com/ssklv/mixfood-menu-service/internal/usecase/mocks/mock_MenuRepository.go:25.2,26.74 2 0
github.com/ssklv/mixfood-menu-service/internal/usecase/mocks/mock_MenuRepository.go:26.74,28.3 1 0
github.com/ssklv/mixfood-menu-service/internal/usecase/mocks/mock_MenuRepository.go:28.8,30.3 1 0
github.com/ssklv/mixfood-menu-service/internal/usecase/mocks/mock_MenuRepository.go:32.2,32.11 1 0
github.com/ssklv/mixfood-menu-service/internal/usecase/mocks/mock_MenuRepository.go:36.75,39.19 2 0
github.com/ssklv/mixfood-menu-service/internal/usecase/mocks/mock_MenuRepository.go:39.19,40.52 1 0
github.com/ssklv/mixfood-menu-service/internal/usecase/mocks/mock_MenuRepository.go:43.2,44.67 2 0
github.com/ssklv/mixfood-menu-service/internal/usecase/mocks/mock_MenuRepository.go:44.67,46.3 1 0
github.com/ssklv/mixfood-menu-service/internal/usecase/mocks/mock_MenuRepository.go:46.8,48.3 1 0
github.com/ssklv/mixfood-menu-service/internal/usecase/mocks/mock_MenuRepository.go:50.2,50.11 1 0
github.com/ssklv/mixfood-menu-service/internal/usecase/mocks/mock_MenuRepository.go:54.85,57.19 2 0
github.com/ssklv/mixfood-menu-service/internal/usecase/mocks/mock_MenuRepository.go:57.19,58.54 1 0
github.com/ssklv/mixfood-menu-service/internal/usecase/mocks/mock_MenuRepository.go:61.2,63.78 3 0
github.com/ssklv/mixfood-menu-service/internal/usecase/mocks/mock_MenuRepository.go:63.78,65.3 1 0
github.com/ssklv/mixfood-menu-service/internal/usecase/mocks/mock_MenuRepository.go:66.2,66.69 1 0
github.com/ssklv/mixfood-menu-service/internal/usecase/mocks/mock_MenuRepository.go:66.69,68.3 1 0
github.com/ssklv/mixfood-menu-service/internal/usecase/mocks/mock_MenuRepository.go:68.8,69.24 1 0
github.com/ssklv/mixfood-menu-service/internal/usecase/mocks/mock_MenuRepository.go:69.24,71.4 1 0
github.com/ssklv/mixfood-menu-service/internal/usecase/mocks/mock_MenuRepository.go:74.2,74.60 1 0
github.com/ssklv/mixfood-menu-service/internal/usecase/mocks/mock_MenuRepository.go:74.60,76.3 1 0
github.com/ssklv/mixfood-menu-service/internal/usecase/mocks/mock_MenuRepository.go:76.8,78.3 1 0
github.com/ssklv/mixfood-menu-service/internal/usecase/mocks/mock_MenuRepository.go:80.2,80.15 1 0
github.com/ssklv/mixfood-menu-service/internal/usecase/mocks/mock_MenuRepository.go:84.92,87.19 2 0
github.com/ssklv/mixfood-menu-service/internal/usecase/mocks/mock_MenuRepository.go:87.19,88.53 1 0
github.com/ssklv/mixfood-menu-service/internal/usecase/mocks/mock_MenuRepository.go:91.2,93.83 3 0
github.com/ssklv/mixfood-menu-service/internal/usecase/mocks/mock_MenuRepository.go:93.83,95.3 1 0
github.com/ssklv/mixfood-menu-service/internal/usecase/mocks/mock_MenuRepository.go:96.2,96.74 1 0
github.com/ssklv/mixfood-menu-service/internal/usecase/mocks/mock_MenuRepository.go:96.74,98.3 1 0
github.com/ssklv/mixfood-menu-service/internal/usecase/mocks/mock_MenuRepository.go:98.8,99.24 1 0
github.com/ssklv/mixfood-menu-service/internal/usecase/mocks/mock_MenuRepository.go:99.24,101.4 1 0
github.com/ssklv/mixfood-menu-service/internal/usecase/mocks/mock_MenuRepository.go:104.2,104.67 1 0
github.com/ssklv/mixfood-menu-service/internal/usecase/mocks/mock_MenuRepository.go:104.67,106.3 1 0
github.com/ssklv/mixfood-menu-service/internal/usecase/mocks/mock_MenuRepository.go:106.8,108.3 1 0
github.com/ssklv/mixfood-menu-service/internal/usecase/mocks/mock_MenuRepository.go:110.2,110.15 1 0
github.com/ssklv/mixfood-menu-service/internal/usecase/mocks/mock_MenuRepository.go:114.113,117.19 2 0
github.com/ssklv/mixfood-menu-service/internal/usecase/mocks/mock_MenuRepository.go:117.19,118.52 1 0
github.com/ssklv/mixfood-menu-service/internal/usecase/mocks/mock_MenuRepository.go:121.2,123.102 3 0
github.com/ssklv/mixfood-menu-service/internal/usecase/mocks/mock_MenuRepository.go:123.102,125.3 1 0
github.com/ssklv/mixfood-menu-service/internal/usecase/mocks/mock_MenuRepository.go:126.2,126.93 1 0
github.com/ssklv/mixfood-menu-service/internal/usecase/mocks/mock_MenuRepository.go:126.93,128.3 1 0
github.com/ssklv/mixfood-menu-service/internal/usecase/mocks/mock_MenuRepository.go:128.8,129.24 1 0
github.com/ssklv/mixfood-menu-service/internal/usecase/mocks/mock_MenuRepository.go:129.24,131.4 1 0
github.com/ssklv/mixfood-menu-service/internal/usecase/mocks/mock_MenuRepository.go:134.2,134.86 1 0
github.com/ssklv/mixfood-menu-service/internal/usecase/mocks/mock_MenuRepository.go:134.86,136.3 1 0
github.com/ssklv/mixfood-menu-service/internal/usecase/mocks/mock_MenuRepository.go:136.8,138.3 1 0
github.com/ssklv/mixfood-menu-service/internal/usecase/mocks/mock_MenuRepository.go:140.2,140.15 1 0
github.com/ssklv/mixfood-menu-service/internal/usecase/mocks/mock_MenuRepository.go:148.20,152.19 3 0
github.com/ssklv/mixfood-menu-service/internal/usecase/mocks/mock_MenuRepository.go:152.19,152.49 1 0
github.com/ssklv/mixfood-menu-service/internal/usecase/mocks/mock_MenuRepository.go:154.2,154.13 1 0
github.com/ssklv/mixfood-menu-service/internal/usecase/menuUsecase.go:14.53,16.2 1 1
github.com/ssklv/mixfood-menu-service/internal/usecase/menuUsecase.go:18.78,19.40 1 1
github.com/ssklv/mixfood-menu-service/internal/usecase/menuUsecase.go:19.40,21.3 1 0
github.com/ssklv/mixfood-menu-service/internal/usecase/menuUsecase.go:23.2,25.41 3 1
github.com/ssklv/mixfood-menu-service/internal/usecase/menuUsecase.go:28.110,30.2 1 0
github.com/ssklv/mixfood-menu-service/internal/usecase/menuUsecase.go:32.89,34.2 1 1
github.com/ssklv/mixfood-menu-service/internal/usecase/menuUsecase.go:36.82,38.2 1 0
github.com/ssklv/mixfood-menu-service/internal/usecase/menuUsecase.go:40.72,42.2 1 0
github.com/ssklv/mixfood-menu-service/internal/usecase/validation.go:14.41,15.49 1 1
github.com/ssklv/mixfood-menu-service/internal/usecase/validation.go:15.49,17.3 1 0
github.com/ssklv/mixfood-menu-service/internal/usecase/validation.go:18.2,18.57 1 1
github.com/ssklv/mixfood-menu-service/internal/usecase/validation.go:18.57,20.3 1 1
github.com/ssklv/mixfood-menu-service/internal/usecase/validation.go:21.2,21.51 1 1
github.com/ssklv/mixfood-menu-service/internal/usecase/validation.go:21.51,23.3 1 0
github.com/ssklv/mixfood-menu-service/internal/usecase/validation.go:24.2,24.69 1 1
github.com/ssklv/mixfood-menu-service/internal/usecase/validation.go:24.69,26.3 1 0
github.com/ssklv/mixfood-menu-service/internal/usecase/validation.go:27.2,27.57 1 1
github.com/ssklv/mixfood-menu-service/internal/usecase/validation.go:27.57,29.3 1 0
github.com/ssklv/mixfood-menu-service/internal/usecase/validation.go:30.2,30.57 1 1
github.com/ssklv/mixfood-menu-service/internal/usecase/validation.go:30.57,32.3 1 0
github.com/ssklv/mixfood-menu-service/internal/usecase/validation.go:33.2,33.77 1 1
github.com/ssklv/mixfood-menu-service/internal/usecase/validation.go:33.77,35.3 1 1
github.com/ssklv/mixfood-menu-service/internal/usecase/validation.go:36.2,36.12 1 1
github.com/ssklv/mixfood-menu-service/internal/usecase/validation.go:39.42,41.42 2 1
github.com/ssklv/mixfood-menu-service/internal/usecase/validation.go:41.42,43.3 1 0
github.com/ssklv/mixfood-menu-service/internal/usecase/validation.go:44.2,44.12 1 1
github.com/ssklv/mixfood-menu-service/internal/usecase/validation.go:47.50,48.54 1 1
github.com/ssklv/mixfood-menu-service/internal/usecase/validation.go:49.108,50.13 1 1
github.com/ssklv/mixfood-menu-service/internal/usecase/validation.go:51.10,52.28 1 1
github.com/ssklv/mixfood-menu-service/internal/usecase/validation.go:56.45,57.16 1 1
github.com/ssklv/mixfood-menu-service/internal/usecase/validation.go:57.16,59.3 1 0
github.com/ssklv/mixfood-menu-service/internal/usecase/validation.go:60.2,60.12 1 1
github.com/ssklv/mixfood-menu-service/internal/usecase/validation.go:63.45,64.29 1 1
github.com/ssklv/mixfood-menu-service/internal/usecase/validation.go:64.29,66.3 1 0
github.com/ssklv/mixfood-menu-service/internal/usecase/validation.go:67.2,67.12 1 1
github.com/ssklv/mixfood-menu-service/internal/usecase/validation.go:70.47,71.18 1 1
github.com/ssklv/mixfood-menu-service/internal/usecase/validation.go:71.18,73.3 1 0
github.com/ssklv/mixfood-menu-service/internal/usecase/validation.go:74.2,74.12 1 1
github.com/ssklv/mixfood-menu-service/internal/usecase/validation.go:77.45,79.19 2 1
github.com/ssklv/mixfood-menu-service/internal/usecase/validation.go:79.19,81.3 1 1
github.com/ssklv/mixfood-menu-service/internal/usecase/validation.go:82.2,82.87 1 0
github.com/ssklv/mixfood-menu-service/internal/usecase/validation.go:82.87,84.3 1 0
github.com/ssklv/mixfood-menu-service/internal/usecase/validation.go:85.2,85.12 1 0
github.com/ssklv/mixfood-menu-service/internal/usecase/validation.go:88.80,90.39 2 1
github.com/ssklv/mixfood-menu-service/internal/usecase/validation.go:90.39,91.36 1 1
github.com/ssklv/mixfood-menu-service/internal/usecase/validation.go:91.36,93.4 1 0
github.com/ssklv/mixfood-menu-service/internal/usecase/validation.go:94.3,94.20 1 1
github.com/ssklv/mixfood-menu-service/internal/usecase/validation.go:94.20,96.4 1 1
github.com/ssklv/mixfood-menu-service/internal/usecase/validation.go:97.8,98.36 1 1
github.com/ssklv/mixfood-menu-service/internal/usecase/validation.go:98.36,100.4 1 0
github.com/ssklv/mixfood-menu-service/internal/usecase/validation.go:101.3,101.20 1 1
github.com/ssklv/mixfood-menu-service/internal/usecase/validation.go:101.20,103.4 1 0
github.com/ssklv/mixfood-menu-service/internal/usecase/validation.go:105.2,105.12 1 1
